<?xml version="1.0" encoding="UTF-8"?>
<!-- Generated by org.testng.reporters.JUnitXMLReporter -->
<testsuite ignored="3" hostname="DESKTOP-NLM9CQ8" failures="0" tests="1" name="Default test" time="8.098" errors="0" timestamp="2023-05-25T13:33:29 IST">
  <testcase classname="api.test.UserTests" name="testPostUser" time="7.92"/>
  <testcase classname="api.test.UserTests" name="testUpdateUserByName" time="0.0">
    <ignored/>
  </testcase> <!-- testUpdateUserByName -->
  <testcase classname="api.test.UserTests" name="testGetUser" time="0.0">
    <ignored/>
  </testcase> <!-- testGetUser -->
  <testcase classname="api.test.UserTests" name="testLoginUser" time="0.0">
    <ignored/>
  </testcase> <!-- testLoginUser -->
</testsuite> <!-- Default test -->
