<?xml version="1.0" encoding="UTF-8"?>
<!-- Generated by org.testng.reporters.JUnitXMLReporter -->
<testsuite ignored="0" hostname="DESKTOP-NLM9CQ8" failures="1" tests="3" name="Test" time="9.685" errors="0" timestamp="2024-06-03T22:52:59 IST">
  <testcase classname="api.test.StoreTests" name="testPostStoreOrder" time="2.884"/>
  <testcase classname="api.test.StoreTests" name="testGetStoreOrder" time="1.662">
    <failure type="java.lang.AssertionError" message="expected [true] but found [false]">
      <![CDATA[java.lang.AssertionError: expected [true] but found [false]
at api.test.StoreTests.testGetStoreOrder(StoreTests.java:107)
at java.base/java.util.ArrayList.forEach(ArrayList.java:1511)
... Removed 32 stack frames]]>
    </failure>
  </testcase> <!-- testGetStoreOrder -->
  <testcase classname="api.test.StoreTests" name="testDeleteStoreOrder" time="1.171"/>
</testsuite> <!-- Test -->
